<?xml version="1.0" encoding="UTF-8"?>
<testsuite name="com.jackson.feedbackapp.FeedbackAppApplicationTests" tests="1" skipped="0" failures="0" errors="0" timestamp="2024-05-21T19:13:39" hostname="blessings-MacBook-Air.local" time="0.278">
  <properties/>
  <testcase name="contextLoads()" classname="com.jackson.feedbackapp.FeedbackAppApplicationTests" time="0.278"/>
  <system-out><![CDATA[21:13:37.608 [Test worker] INFO org.springframework.test.context.support.AnnotationConfigContextLoaderUtils -- Could not detect default configuration classes for test class [com.jackson.feedbackapp.FeedbackAppApplicationTests]: FeedbackAppApplicationTests does not declare any static, non-private, non-final, nested classes annotated with @Configuration.
21:13:37.649 [Test worker] INFO org.springframework.boot.test.context.SpringBootTestContextBootstrapper -- Found @SpringBootConfiguration com.jackson.feedbackapp.FeedbackAppApplication for test class com.jackson.feedbackapp.FeedbackAppApplicationTests

  .   ____          _            __ _ _
 /\\ / ___'_ __ _ _(_)_ __  __ _ \ \ \ \
( ( )\___ | '_ | '_| | '_ \/ _` | \ \ \ \
 \\/  ___)| |_)| | | | | || (_| |  ) ) ) )
  '  |____| .__|_| |_|_| |_\__, | / / / /
 =========|_|==============|___/=/_/_/_/
 :: Spring Boot ::                (v3.2.5)

2024-05-21T21:13:37.821+02:00  INFO 1551 --- [    Test worker] c.j.f.FeedbackAppApplicationTests        : Starting FeedbackAppApplicationTests using Java 17.0.11 with PID 1551 (started by blessingjackson in /Users/blessingjackson/Desktop/feedback-app)
2024-05-21T21:13:37.821+02:00  INFO 1551 --- [    Test worker] c.j.f.FeedbackAppApplicationTests        : No active profile set, falling back to 1 default profile: "default"
2024-05-21T21:13:38.071+02:00  INFO 1551 --- [    Test worker] .s.d.r.c.RepositoryConfigurationDelegate : Bootstrapping Spring Data JPA repositories in DEFAULT mode.
2024-05-21T21:13:38.090+02:00  INFO 1551 --- [    Test worker] .s.d.r.c.RepositoryConfigurationDelegate : Finished Spring Data repository scanning in 16 ms. Found 1 JPA repository interface.
2024-05-21T21:13:38.257+02:00  INFO 1551 --- [    Test worker] o.hibernate.jpa.internal.util.LogHelper  : HHH000204: Processing PersistenceUnitInfo [name: default]
2024-05-21T21:13:38.277+02:00  INFO 1551 --- [    Test worker] org.hibernate.Version                    : HHH000412: Hibernate ORM core version 6.4.4.Final
2024-05-21T21:13:38.290+02:00  INFO 1551 --- [    Test worker] o.h.c.internal.RegionFactoryInitiator    : HHH000026: Second-level cache disabled
2024-05-21T21:13:38.383+02:00  INFO 1551 --- [    Test worker] o.s.o.j.p.SpringPersistenceUnitInfo      : No LoadTimeWeaver setup: ignoring JPA class transformer
2024-05-21T21:13:38.409+02:00  INFO 1551 --- [    Test worker] com.zaxxer.hikari.HikariDataSource       : HikariPool-1 - Starting...
2024-05-21T21:13:38.484+02:00  INFO 1551 --- [    Test worker] com.zaxxer.hikari.pool.HikariPool        : HikariPool-1 - Added connection conn0: url=jdbc:h2:mem:testdb user=SA
2024-05-21T21:13:38.485+02:00  INFO 1551 --- [    Test worker] com.zaxxer.hikari.HikariDataSource       : HikariPool-1 - Start completed.
2024-05-21T21:13:38.495+02:00  WARN 1551 --- [    Test worker] org.hibernate.orm.deprecation            : HHH90000025: H2Dialect does not need to be specified explicitly using 'hibernate.dialect' (remove the property setting and it will be selected by default)
2024-05-21T21:13:38.827+02:00  INFO 1551 --- [    Test worker] o.h.e.t.j.p.i.JtaPlatformInitiator       : HHH000489: No JTA platform available (set 'hibernate.transaction.jta.platform' to enable JTA platform integration)
Hibernate: drop table if exists feedback cascade 
Hibernate: create table feedback (id bigint generated by default as identity, email varchar(255), message varchar(255), name varchar(255) unique, primary key (id))
2024-05-21T21:13:38.842+02:00  INFO 1551 --- [    Test worker] j.LocalContainerEntityManagerFactoryBean : Initialized JPA EntityManagerFactory for persistence unit 'default'
2024-05-21T21:13:38.986+02:00  WARN 1551 --- [    Test worker] JpaBaseConfiguration$JpaWebConfiguration : spring.jpa.open-in-view is enabled by default. Therefore, database queries may be performed during view rendering. Explicitly configure spring.jpa.open-in-view to disable this warning
2024-05-21T21:13:39.138+02:00  INFO 1551 --- [    Test worker] o.s.b.a.h2.H2ConsoleAutoConfiguration    : H2 console available at '/h2-console'. Database available at 'jdbc:h2:mem:testdb'
2024-05-21T21:13:39.169+02:00  INFO 1551 --- [    Test worker] c.j.f.FeedbackAppApplicationTests        : Started FeedbackAppApplicationTests in 1.459 seconds (process running for 1.949)
]]></system-out>
  <system-err><![CDATA[]]></system-err>
</testsuite>
